Using pre-set license
Built from '2020.3/china_unity/release' branch; Version is '2020.3.4f1c1 (3d27070cb163) revision 4007687'; Using compiler version '192528614'; Build Type 'Release'
OS: 'Windows 10 Home; OS build 19042.985; Version 2009; 64bit' Language: 'zh' Physical Memory: 16332 MB
BatchMode: 1, IsHumanControllingUs: 0, StartBugReporterOnCrash: 0, Is64bit: 1, IsPro: 0

 COMMAND LINE ARGUMENTS:
E:\2020.3.4f1c1\Editor\Unity.exe
-adb2
-batchMode
-noUpm
-name
AssetImportWorker0
-projectPath
E:/project file/Code-/DDD
-logFile
Logs/AssetImportWorker0.log
-srvPort
61591
Successfully changed project path to: E:/project file/Code-/DDD
E:/project file/Code-/DDD
Using Asset Import Pipeline V2.
Refreshing native plugins compatible for Editor in 35.25 ms, found 1 plugins.
Preloading 0 native plugins for Editor in 0.00 ms.
Initialize engine version: 2020.3.4f1c1 (3d27070cb163)
[Subsystems] Discovering subsystems at path E:/2020.3.4f1c1/Editor/Data/Resources/UnitySubsystems
[Subsystems] Discovering subsystems at path E:/project file/Code-/DDD/Assets
GfxDevice: creating device client; threaded=0
Direct3D:
    Version:  Direct3D 11.0 [level 11.1]
    Renderer: NVIDIA GeForce RTX 2070 SUPER (ID=0x1e84)
    Vendor:   
    VRAM:     8011 MB
    Driver:   27.21.14.6663
Initialize mono
Mono path[0] = 'E:/2020.3.4f1c1/Editor/Data/Managed'
Mono path[1] = 'E:/2020.3.4f1c1/Editor/Data/MonoBleedingEdge/lib/mono/unityjit'
Mono config path = 'E:/2020.3.4f1c1/Editor/Data/MonoBleedingEdge/etc'
Using monoOptions --debugger-agent=transport=dt_socket,embedding=1,server=y,suspend=n,address=127.0.0.1:56228
Begin MonoManager ReloadAssembly
Registering precompiled unity dll's ...
Register platform support module: E:/2020.3.4f1c1/Editor/Data/PlaybackEngines/WebGLSupport/UnityEditor.WebGL.Extensions.dll
Register platform support module: E:/2020.3.4f1c1/Editor/Data/PlaybackEngines/WindowsStandaloneSupport/UnityEditor.WindowsStandalone.Extensions.dll
Registered in 0.002612 seconds.
Native extension for WindowsStandalone target not found
Native extension for WebGL target not found
Refreshing native plugins compatible for Editor in 41.47 ms, found 1 plugins.
Preloading 0 native plugins for Editor in 0.00 ms.
Mono: successfully reloaded assembly
- Completed reload, in  0.860 seconds
Platform modules already initialized, skipping
Registering precompiled user dll's ...
Registered in 0.001371 seconds.
Begin MonoManager ReloadAssembly
Native extension for WindowsStandalone target not found
Native extension for WebGL target not found
Refreshing native plugins compatible for Editor in 36.80 ms, found 1 plugins.
Preloading 0 native plugins for Editor in 0.00 ms.
Mono: successfully reloaded assembly
- Completed reload, in  0.900 seconds
Platform modules already initialized, skipping
========================================================================
Worker process is ready to serve import requests
Launched and connected shader compiler UnityShaderCompiler.exe after 0.06 seconds
Refreshing native plugins compatible for Editor in 0.70 ms, found 1 plugins.
Preloading 0 native plugins for Editor in 0.00 ms.
Unloading 1941 Unused Serialized files (Serialized files now loaded: 0)
System memory in use before: 95.3 MB.
System memory in use after: 95.4 MB.

Unloading 20 unused Assets to reduce memory usage. Loaded Objects now: 2388.
Total: 2.476900 ms (FindLiveObjects: 0.401200 ms CreateObjectMapping: 0.067600 ms MarkObjects: 1.942900 ms  DeleteObjects: 0.063600 ms)

========================================================================
Received Import Request.
  path: Assets
  artifactKey: Guid(00000000000000001000000000000000) Importer(815301076,1909f56bfc062723c751e8b465ee728b)
Start importing Assets using Guid(00000000000000001000000000000000) Importer(815301076,1909f56bfc062723c751e8b465ee728b)  -> (artifact id: '093e4ab8397071375e7c7a5066b77161') in 0.006184 seconds
  Import took 0.009331 seconds .

========================================================================
Received Import Request.
  Time since last request: 5.810717 seconds.
  path: Assets/Scripts
  artifactKey: Guid(7da427f121462b14491598fd4250fa2a) Importer(815301076,1909f56bfc062723c751e8b465ee728b)
Start importing Assets/Scripts using Guid(7da427f121462b14491598fd4250fa2a) Importer(815301076,1909f56bfc062723c751e8b465ee728b)  -> (artifact id: 'da996220c3759438239ce886ac9f792c') in 0.002848 seconds
  Import took 0.005708 seconds .

========================================================================
Received Import Request.
  Time since last request: 17.701626 seconds.
  path: Assets/New Folder
  artifactKey: Guid(44172cb900fa1f04aaf1730180b58ad0) Importer(815301076,1909f56bfc062723c751e8b465ee728b)
Start importing Assets/New Folder using Guid(44172cb900fa1f04aaf1730180b58ad0) Importer(815301076,1909f56bfc062723c751e8b465ee728b)  -> (artifact id: '0f362da1445e5b066702379db2c6415e') in 0.003502 seconds
  Import took 0.006816 seconds .

========================================================================
Received Import Request.
  Time since last request: 20.725876 seconds.
  path: Assets/Animation
  artifactKey: Guid(44172cb900fa1f04aaf1730180b58ad0) Importer(815301076,1909f56bfc062723c751e8b465ee728b)
Start importing Assets/Animation using Guid(44172cb900fa1f04aaf1730180b58ad0) Importer(815301076,1909f56bfc062723c751e8b465ee728b)  -> (artifact id: 'cf9d9b8f223b723c13f84b4ee4f6ecb8') in 0.004217 seconds
  Import took 0.007860 seconds .

========================================================================
Received Import Request.
  Time since last request: 62.042758 seconds.
  path: Assets/Preforms
  artifactKey: Guid(20356cf844709eb4b9eebb1156de99df) Importer(815301076,1909f56bfc062723c751e8b465ee728b)
Start importing Assets/Preforms using Guid(20356cf844709eb4b9eebb1156de99df) Importer(815301076,1909f56bfc062723c751e8b465ee728b)  -> (artifact id: '83f78710b598eb5e5d9e14d29807de27') in 0.003096 seconds
  Import took 0.006363 seconds .

========================================================================
Received Import Request.
  Time since last request: 18.679081 seconds.
  path: Assets/自动寻路插件
  artifactKey: Guid(449ac0aa2cceae0489f488e87b9a82ed) Importer(815301076,1909f56bfc062723c751e8b465ee728b)
Start importing Assets/自动寻路插件 using Guid(449ac0aa2cceae0489f488e87b9a82ed) Importer(815301076,1909f56bfc062723c751e8b465ee728b)  -> (artifact id: '842c510feee0fee77055e96ce8a44796') in 0.003251 seconds
  Import took 0.006512 seconds .

========================================================================
Received Import Request.
  Time since last request: 2.436746 seconds.
  path: Assets/_TerrainAutoUpgrade
  artifactKey: Guid(3346a9041161143428b98834a9e08fb6) Importer(815301076,1909f56bfc062723c751e8b465ee728b)
Start importing Assets/_TerrainAutoUpgrade using Guid(3346a9041161143428b98834a9e08fb6) Importer(815301076,1909f56bfc062723c751e8b465ee728b)  -> (artifact id: 'ab3de433dc8bcdf43182d0e2d50040df') in 0.003407 seconds
  Import took 0.006664 seconds .

========================================================================
Received Import Request.
  Time since last request: 2.126742 seconds.
  path: Assets/AstarPathfindingProject
  artifactKey: Guid(6942e1e80e8b54fde9147e843f1bec4f) Importer(815301076,1909f56bfc062723c751e8b465ee728b)
Start importing Assets/AstarPathfindingProject using Guid(6942e1e80e8b54fde9147e843f1bec4f) Importer(815301076,1909f56bfc062723c751e8b465ee728b)  -> (artifact id: 'fce1428af3871d0076f87fdca3f525a6') in 0.003632 seconds
  Import took 0.007591 seconds .

========================================================================
Received Prepare
Registering precompiled user dll's ...
Registered in 0.001430 seconds.
Begin MonoManager ReloadAssembly
Native extension for WindowsStandalone target not found
Native extension for WebGL target not found
Refreshing native plugins compatible for Editor in 0.47 ms, found 1 plugins.
Preloading 0 native plugins for Editor in 0.00 ms.
Mono: successfully reloaded assembly
- Completed reload, in  0.822 seconds
Platform modules already initialized, skipping
Refreshing native plugins compatible for Editor in 0.76 ms, found 1 plugins.
Preloading 0 native plugins for Editor in 0.00 ms.
Unloading 1927 Unused Serialized files (Serialized files now loaded: 0)
System memory in use before: 94.3 MB.
System memory in use after: 94.5 MB.

Unloading 8 unused Assets to reduce memory usage. Loaded Objects now: 2392.
Total: 2.314200 ms (FindLiveObjects: 0.384700 ms CreateObjectMapping: 0.062000 ms MarkObjects: 1.844700 ms  DeleteObjects: 0.021200 ms)

